<?xml version="1.0" encoding="UTF-8"?>
<testng-results ignored="0" total="1" passed="1" failed="0" skipped="0">
  <reporter-output>
  </reporter-output>
  <suite started-at="2025-08-10T01:29:41 IST" name="Default suite" finished-at="2025-08-10T01:29:49 IST" duration-ms="8269">
    <groups>
      <group name="cucumber">
        <method signature="AbstractTestNGCucumberTests.runScenario(io.cucumber.testng.PickleWrapper,io.cucumber.testng.FeatureWrapper)[pri:0, instance:testRunner.TestRunner@5aa9e4eb]" name="runScenario" class="io.cucumber.testng.AbstractTestNGCucumberTests"/>
      </group> <!-- cucumber -->
    </groups>
    <test started-at="2025-08-10T01:29:41 IST" name="Default test" finished-at="2025-08-10T01:29:49 IST" duration-ms="8269">
      <class name="testRunner.TestRunner">
        <test-method is-config="true" signature="setUpClass(org.testng.ITestContext)[pri:0, instance:testRunner.TestRunner@5aa9e4eb]" started-at="2025-08-10T01:29:41 IST" name="setUpClass" finished-at="2025-08-10T01:29:41 IST" duration-ms="725" status="PASS">
          <params>
            <param index="0">
              <value>
                <![CDATA[org.testng.TestRunner@6af5bbd0]]>
              </value>
            </param>
          </params>
          <reporter-output>
          </reporter-output>
        </test-method> <!-- setUpClass -->
        <test-method signature="runScenario(io.cucumber.testng.PickleWrapper,io.cucumber.testng.FeatureWrapper)[pri:0, instance:testRunner.TestRunner@5aa9e4eb]" started-at="2025-08-10T01:29:41 IST" name="runScenario" description="Runs Cucumber Scenarios" data-provider="scenarios" finished-at="2025-08-10T01:29:49 IST" duration-ms="7441" status="PASS">
          <params>
            <param index="0">
              <value>
                <![CDATA["Validate page title and carousel image"]]>
              </value>
            </param>
            <param index="1">
              <value>
                <![CDATA["WebDriverUniversity Page Validation"]]>
              </value>
            </param>
          </params>
          <reporter-output>
          </reporter-output>
        </test-method> <!-- runScenario -->
        <test-method is-config="true" signature="tearDownClass()[pri:0, instance:testRunner.TestRunner@5aa9e4eb]" started-at="2025-08-10T01:29:49 IST" name="tearDownClass" finished-at="2025-08-10T01:29:49 IST" duration-ms="55" status="PASS">
          <reporter-output>
          </reporter-output>
        </test-method> <!-- tearDownClass -->
      </class> <!-- testRunner.TestRunner -->
    </test> <!-- Default test -->
  </suite> <!-- Default suite -->
</testng-results>
