<?xml version="1.0" encoding="UTF-8"?>
<testng-results ignored="0" total="1" passed="1" failed="0" skipped="0">
  <reporter-output>
  </reporter-output>
  <suite started-at="2025-08-10T01:31:33 IST" name="Default suite" finished-at="2025-08-10T01:31:37 IST" duration-ms="4372">
    <groups>
    </groups>
    <test started-at="2025-08-10T01:31:33 IST" name="Default test" finished-at="2025-08-10T01:31:37 IST" duration-ms="4372">
      <class name="com.vidhyatharan.sdet.basic.restassured.RegisterApi">
        <test-method signature="testRegisterAPI()[pri:0, instance:com.vidhyatharan.sdet.basic.restassured.RegisterApi@3d1848cc]" started-at="2025-08-10T01:31:33 IST" name="testRegisterAPI" finished-at="2025-08-10T01:31:37 IST" duration-ms="4314" status="PASS">
          <reporter-output>
          </reporter-output>
        </test-method> <!-- testRegisterAPI -->
      </class> <!-- com.vidhyatharan.sdet.basic.restassured.RegisterApi -->
    </test> <!-- Default test -->
  </suite> <!-- Default suite -->
</testng-results>
